  imgui_impl_sdl3.cpp
D:\Desktop\ModelViewer\backends\imgui_impl_sdl3.cpp(68,10): fatal error C1083: 无法打开包括文件: “imgui.h”: No such file or directory
  imgui_impl_sdlrenderer3.cpp
D:\Desktop\ModelViewer\backends\imgui_impl_sdlrenderer3.cpp(39,10): fatal error C1083: 无法打开包括文件: “imgui.h”: No such file or directory
  camera.cpp
D:\Desktop\ModelViewer\camera.h(2,10): fatal error C1083: 无法打开包括文件: “Eigen/Eigen”: No such file or directory
  fragment_shader.cpp
D:\Desktop\ModelViewer\fragment_shader.h(2,10): fatal error C1083: 无法打开包括文件: “Eigen/Eigen”: No such file or directory
  imgui.cpp
D:\Desktop\ModelViewer\imgui.h(68,10): fatal error C1083: 无法打开包括文件: “imconfig.h”: No such file or directory
  imgui_draw.cpp
D:\Desktop\ModelViewer\imgui.h(68,10): fatal error C1083: 无法打开包括文件: “imconfig.h”: No such file or directory
  imgui_tables.cpp
D:\Desktop\ModelViewer\imgui.h(68,10): fatal error C1083: 无法打开包括文件: “imconfig.h”: No such file or directory
  imgui_widgets.cpp
D:\Desktop\ModelViewer\imgui.h(68,10): fatal error C1083: 无法打开包括文件: “imconfig.h”: No such file or directory
  main.cpp
D:\Desktop\ModelViewer\OBJLoader.h(4,10): fatal error C1083: 无法打开包括文件: “Eigen/Core”: No such file or directory
  OBJLoader.cpp
D:\Desktop\ModelViewer\OBJLoader.h(4,10): fatal error C1083: 无法打开包括文件: “Eigen/Core”: No such file or directory
  rasterizer.cpp
  The contents of <filesystem> are available only with C++17 or later.
D:\Desktop\ModelViewer\eigen_handle.h(2,10): fatal error C1083: 无法打开包括文件: “Eigen/Eigen”: No such file or directory
  texture.cpp
D:\Desktop\ModelViewer\texture.h(3,10): fatal error C1083: 无法打开包括文件: “Eigen/Eigen”: No such file or directory
  triangle.cpp
D:\Desktop\ModelViewer\triangle.h(2,10): fatal error C1083: 无法打开包括文件: “Eigen/Core”: No such file or directory
  viewer.cpp
D:\Desktop\ModelViewer\viewer.h(7,10): fatal error C1083: 无法打开包括文件: “SDL3/SDL.h”: No such file or directory
  正在生成代码...
